Using pre-set license
Built from '2020.3/release' branch; Version is '2020.3.15f2 (6cf78cb77498) revision 7141260'; Using compiler version '192528614'; Build Type 'Release'
OS: 'Windows 10 Home; OS build 19042.1415; Version 2009; 64bit' Language: 'en' Physical Memory: 16334 MB
BatchMode: 1, IsHumanControllingUs: 0, StartBugReporterOnCrash: 0, Is64bit: 1, IsPro: 0

 COMMAND LINE ARGUMENTS:
C:\Program Files\Unity\Hub\Editor\2020.3.15f2\Editor\Unity.exe
-adb2
-batchMode
-noUpm
-name
AssetImportWorker0
-projectPath
G:/wheelin/wheelin
-logFile
Logs/AssetImportWorker0.log
-srvPort
63028
Successfully changed project path to: G:/wheelin/wheelin
G:/wheelin/wheelin
Using Asset Import Pipeline V2.
Refreshing native plugins compatible for Editor in 48.86 ms, found 2 plugins.
Preloading 0 native plugins for Editor in 0.00 ms.
Initialize engine version: 2020.3.15f2 (6cf78cb77498)
[Subsystems] Discovering subsystems at path C:/Program Files/Unity/Hub/Editor/2020.3.15f2/Editor/Data/Resources/UnitySubsystems
[Subsystems] Discovering subsystems at path G:/wheelin/wheelin/Assets
GfxDevice: creating device client; threaded=0
Direct3D:
    Version:  Direct3D 11.0 [level 11.1]
    Renderer: Radeon RX 580 Series (ID=0x67df)
    Vendor:   
    VRAM:     8171 MB
    Driver:   30.0.13025.5005
Initialize mono
Mono path[0] = 'C:/Program Files/Unity/Hub/Editor/2020.3.15f2/Editor/Data/Managed'
Mono path[1] = 'C:/Program Files/Unity/Hub/Editor/2020.3.15f2/Editor/Data/MonoBleedingEdge/lib/mono/unityjit'
Mono config path = 'C:/Program Files/Unity/Hub/Editor/2020.3.15f2/Editor/Data/MonoBleedingEdge/etc'
Using monoOptions --debugger-agent=transport=dt_socket,embedding=1,server=y,suspend=n,address=127.0.0.1:56932
Begin MonoManager ReloadAssembly
Registering precompiled unity dll's ...
Register platform support module: C:/Program Files/Unity/Hub/Editor/2020.3.15f2/Editor/Data/PlaybackEngines/WebGLSupport/UnityEditor.WebGL.Extensions.dll
Register platform support module: C:/Program Files/Unity/Hub/Editor/2020.3.15f2/Editor/Data/PlaybackEngines/WindowsStandaloneSupport/UnityEditor.WindowsStandalone.Extensions.dll
Registered in 0.003745 seconds.
Native extension for WindowsStandalone target not found
Native extension for WebGL target not found
Refreshing native plugins compatible for Editor in 38.87 ms, found 2 plugins.
Preloading 0 native plugins for Editor in 0.00 ms.
Mono: successfully reloaded assembly
- Completed reload, in  1.458 seconds
Domain Reload Profiling:
	ReloadAssembly (1458ms)
		BeginReloadAssembly (62ms)
			ExecutionOrderSort (0ms)
			DisableScriptedObjects (0ms)
			BackupInstance (0ms)
			ReleaseScriptingObjects (0ms)
			CreateAndSetChildDomain (1ms)
		EndReloadAssembly (458ms)
			LoadAssemblies (59ms)
			RebuildTransferFunctionScriptingTraits (0ms)
			SetupTypeCache (168ms)
			ReleaseScriptCaches (0ms)
			RebuildScriptCaches (32ms)
			SetupLoadedEditorAssemblies (176ms)
				LogAssemblyErrors (0ms)
				InitializePlatformSupportModulesInManaged (6ms)
				SetLoadedEditorAssemblies (0ms)
				RefreshPlugins (39ms)
				BeforeProcessingInitializeOnLoad (17ms)
				ProcessInitializeOnLoadAttributes (85ms)
				ProcessInitializeOnLoadMethodAttributes (29ms)
				AfterProcessingInitializeOnLoad (0ms)
				EditorAssembliesLoaded (0ms)
			ExecutionOrderSort2 (0ms)
			AwakeInstancesAfterBackupRestoration (0ms)
Platform modules already initialized, skipping
Registering precompiled user dll's ...
Registered in 0.004284 seconds.
Begin MonoManager ReloadAssembly
Native extension for WindowsStandalone target not found
Native extension for WebGL target not found
Refreshing native plugins compatible for Editor in 0.56 ms, found 2 plugins.
Preloading 0 native plugins for Editor in 0.00 ms.
Mono: successfully reloaded assembly
- Completed reload, in  1.235 seconds
Domain Reload Profiling:
	ReloadAssembly (1237ms)
		BeginReloadAssembly (161ms)
			ExecutionOrderSort (0ms)
			DisableScriptedObjects (5ms)
			BackupInstance (0ms)
			ReleaseScriptingObjects (0ms)
			CreateAndSetChildDomain (19ms)
		EndReloadAssembly (997ms)
			LoadAssemblies (103ms)
			RebuildTransferFunctionScriptingTraits (0ms)
			SetupTypeCache (285ms)
			ReleaseScriptCaches (0ms)
			RebuildScriptCaches (50ms)
			SetupLoadedEditorAssemblies (460ms)
				LogAssemblyErrors (0ms)
				InitializePlatformSupportModulesInManaged (7ms)
				SetLoadedEditorAssemblies (1ms)
				RefreshPlugins (1ms)
				BeforeProcessingInitializeOnLoad (106ms)
				ProcessInitializeOnLoadAttributes (332ms)
				ProcessInitializeOnLoadMethodAttributes (4ms)
				AfterProcessingInitializeOnLoad (10ms)
				EditorAssembliesLoaded (0ms)
			ExecutionOrderSort2 (0ms)
			AwakeInstancesAfterBackupRestoration (7ms)
Platform modules already initialized, skipping
========================================================================
Worker process is ready to serve import requests
Launched and connected shader compiler UnityShaderCompiler.exe after 0.07 seconds
Refreshing native plugins compatible for Editor in 0.51 ms, found 2 plugins.
Preloading 0 native plugins for Editor in 0.00 ms.
Unloading 1786 Unused Serialized files (Serialized files now loaded: 0)
System memory in use before: 81.8 MB.
System memory in use after: 81.8 MB.

Unloading 20 unused Assets to reduce memory usage. Loaded Objects now: 2222.
Total: 4.423500 ms (FindLiveObjects: 0.347800 ms CreateObjectMapping: 0.057800 ms MarkObjects: 3.821800 ms  DeleteObjects: 0.192800 ms)

AssetImportParameters requested are different than current active one (requested -> active):
  custom:framework-win-MediaFoundation: 216162199b28c13a410421893ffa2e32 -> 
  custom:video-decoder-ogg-theora: a1e56fd34408186e4bbccfd4996cb3dc -> 
  custom:container-muxer-webm: aa71ff27fc2769a1b78a27578f13a17b -> 
  custom:container-demuxer-webm: 4f35f7cbe854078d1ac9338744f61a02 -> 
  custom:container-demuxer-ogg: 62fdf1f143b41e24485cea50d1cbac27 -> 
  custom:video-encoder-webm-vp8: eb34c28f22e8b96e1ab97ce403110664 -> 
  custom:video-decoder-webm-vp8: 9c59270c3fd7afecdb556c50c9e8de78 -> 
  custom:audio-decoder-ogg-vorbis: bf7c407c2cedff20999df2af8eb42d56 -> 
  custom:audio-encoder-webm-vorbis: bf7c407c2cedff20999df2af8eb42d56 -> 
========================================================================
Received Import Request.
  path: Assets
  artifactKey: Guid(00000000000000001000000000000000) Importer(815301076,1909f56bfc062723c751e8b465ee728b)
Start importing Assets using Guid(00000000000000001000000000000000) Importer(815301076,1909f56bfc062723c751e8b465ee728b)  -> (artifact id: '42d402b061de3733987d63b9cc3b64de') in 0.013261 seconds 
  Import took 0.016997 seconds .

========================================================================
Received Import Request.
  Time since last request: 537.333453 seconds.
  path: Assets/Textures
  artifactKey: Guid(d8ee4330ea5e43f4aa3e036c12688612) Importer(815301076,1909f56bfc062723c751e8b465ee728b)
Start importing Assets/Textures using Guid(d8ee4330ea5e43f4aa3e036c12688612) Importer(815301076,1909f56bfc062723c751e8b465ee728b)  -> (artifact id: '545bea2b327d0a34140176fe2b2dfbd0') in 0.009289 seconds 
  Import took 0.012348 seconds .

========================================================================
Received Import Request.
  Time since last request: 26.014495 seconds.
  path: Assets/Textures/sky.png
  artifactKey: Guid(4905d037f05848a4bb637d3c0f533c7e) Importer(815301076,1909f56bfc062723c751e8b465ee728b)
Start importing Assets/Textures/sky.png using Guid(4905d037f05848a4bb637d3c0f533c7e) Importer(815301076,1909f56bfc062723c751e8b465ee728b)  -> (artifact id: 'cc7a678987492b721d7f4c2e3b86ad41') in 0.105713 seconds 
  Import took 0.108937 seconds .

========================================================================
Received Import Request.
  Time since last request: 15.146491 seconds.
  path: Assets/Textures/sky.png
  artifactKey: Guid(4905d037f05848a4bb637d3c0f533c7e) Importer(815301076,1909f56bfc062723c751e8b465ee728b)
Start importing Assets/Textures/sky.png using Guid(4905d037f05848a4bb637d3c0f533c7e) Importer(815301076,1909f56bfc062723c751e8b465ee728b)  -> (artifact id: 'f03e6c7cad017eb8abd41bb7c564b23d') in 0.017950 seconds 
  Import took 0.021244 seconds .

========================================================================
Received Import Request.
  Time since last request: 10.215138 seconds.
  path: Assets/Textures/sky.png
  artifactKey: Guid(4905d037f05848a4bb637d3c0f533c7e) Importer(815301076,1909f56bfc062723c751e8b465ee728b)
Start importing Assets/Textures/sky.png using Guid(4905d037f05848a4bb637d3c0f533c7e) Importer(815301076,1909f56bfc062723c751e8b465ee728b)  -> (artifact id: 'a120f291d1c65c2eb4facc1eaf67d8fd') in 0.009354 seconds 
  Import took 0.012538 seconds .

========================================================================
Received Import Request.
  Time since last request: 11.039137 seconds.
  path: Assets/Materials.mat
  artifactKey: Guid(125b4b46ac8185c4685aadfe1e687ca7) Importer(815301076,1909f56bfc062723c751e8b465ee728b)
Start importing Assets/Materials.mat using Guid(125b4b46ac8185c4685aadfe1e687ca7) Importer(815301076,1909f56bfc062723c751e8b465ee728b)  -> (artifact id: '67b61bca684d15b3b8b6f4e8cc6f0ad0') in 0.074774 seconds 
  Import took 0.078197 seconds .

========================================================================
Received Import Request.
  Time since last request: 9.674602 seconds.
  path: Assets/Materials
  artifactKey: Guid(1f44078aabe5521469030313347e376c) Importer(815301076,1909f56bfc062723c751e8b465ee728b)
Start importing Assets/Materials using Guid(1f44078aabe5521469030313347e376c) Importer(815301076,1909f56bfc062723c751e8b465ee728b)  -> (artifact id: '39268e4fdbe04e3920c9d288529651d5') in 0.003522 seconds 
  Import took 0.006706 seconds .

========================================================================
Received Import Request.
  Time since last request: 6.122718 seconds.
  path: Assets/Materials/Sky.mat
  artifactKey: Guid(5ed2ca7f556b8e945b73b19368d7686d) Importer(815301076,1909f56bfc062723c751e8b465ee728b)
Start importing Assets/Materials/Sky.mat using Guid(5ed2ca7f556b8e945b73b19368d7686d) Importer(815301076,1909f56bfc062723c751e8b465ee728b)  -> (artifact id: '5ddd65293a24124cf94350d61cd330ca') in 0.017450 seconds 
  Import took 0.021261 seconds .

========================================================================
Received Import Request.
  Time since last request: 290.639024 seconds.
  path: Assets/Textures/sky.png
  artifactKey: Guid(4905d037f05848a4bb637d3c0f533c7e) Importer(815301076,1909f56bfc062723c751e8b465ee728b)
Start importing Assets/Textures/sky.png using Guid(4905d037f05848a4bb637d3c0f533c7e) Importer(815301076,1909f56bfc062723c751e8b465ee728b)  -> (artifact id: '88c1b0b7d616fb43f5432f0b0839dde5') in 0.022822 seconds 
  Import took 0.026545 seconds .

========================================================================
Received Import Request.
  Time since last request: 21.142906 seconds.
  path: Assets/Textures/sky.png
  artifactKey: Guid(4905d037f05848a4bb637d3c0f533c7e) Importer(815301076,1909f56bfc062723c751e8b465ee728b)
Start importing Assets/Textures/sky.png using Guid(4905d037f05848a4bb637d3c0f533c7e) Importer(815301076,1909f56bfc062723c751e8b465ee728b)  -> (artifact id: 'ddcebd952f1c79001472d0cf3e4a582d') in 0.041627 seconds 
  Import took 0.045586 seconds .

========================================================================
Received Import Request.
  Time since last request: 123.432634 seconds.
  path: Assets/Textures/sky.png
  artifactKey: Guid(4905d037f05848a4bb637d3c0f533c7e) Importer(815301076,1909f56bfc062723c751e8b465ee728b)
Start importing Assets/Textures/sky.png using Guid(4905d037f05848a4bb637d3c0f533c7e) Importer(815301076,1909f56bfc062723c751e8b465ee728b)  -> (artifact id: '66837fdd2ca35bb9762a6d3e05585592') in 0.016331 seconds 
  Import took 0.020051 seconds .

========================================================================
Received Import Request.
  Time since last request: 10.056247 seconds.
  path: Assets/Textures/sky.png
  artifactKey: Guid(4905d037f05848a4bb637d3c0f533c7e) Importer(815301076,1909f56bfc062723c751e8b465ee728b)
Start importing Assets/Textures/sky.png using Guid(4905d037f05848a4bb637d3c0f533c7e) Importer(815301076,1909f56bfc062723c751e8b465ee728b)  -> (artifact id: '73bc87c6d478ec64d3235d3679b8c379') in 0.021484 seconds 
  Import took 0.025922 seconds .

========================================================================
Received Import Request.
  Time since last request: 0.000632 seconds.
  path: Assets/Textures/sky.png
  artifactKey: Guid(4905d037f05848a4bb637d3c0f533c7e) Importer(815301076,1909f56bfc062723c751e8b465ee728b)
Start importing Assets/Textures/sky.png using Guid(4905d037f05848a4bb637d3c0f533c7e) Importer(815301076,1909f56bfc062723c751e8b465ee728b)  -> (artifact id: '73bc87c6d478ec64d3235d3679b8c379') in 0.018367 seconds 
  Import took 0.022345 seconds .

========================================================================
Received Import Request.
  Time since last request: 12.386964 seconds.
  path: Assets/Textures/sky.png
  artifactKey: Guid(4905d037f05848a4bb637d3c0f533c7e) Importer(815301076,1909f56bfc062723c751e8b465ee728b)
Start importing Assets/Textures/sky.png using Guid(4905d037f05848a4bb637d3c0f533c7e) Importer(815301076,1909f56bfc062723c751e8b465ee728b)  -> (artifact id: 'b2d18ddaf705d278019ec8bc99dcdfe7') in 0.016763 seconds 
  Import took 0.020067 seconds .

========================================================================
Received Import Request.
  Time since last request: 9.859354 seconds.
  path: Assets/Textures/sky.png
  artifactKey: Guid(4905d037f05848a4bb637d3c0f533c7e) Importer(815301076,1909f56bfc062723c751e8b465ee728b)
Start importing Assets/Textures/sky.png using Guid(4905d037f05848a4bb637d3c0f533c7e) Importer(815301076,1909f56bfc062723c751e8b465ee728b)  -> (artifact id: '50480cd188aa417c2f9dd2d0a5ac8b6d') in 0.017580 seconds 
  Import took 0.021519 seconds .

========================================================================
Received Import Request.
  Time since last request: 153.039782 seconds.
  path: Assets/Textures/sky.png
  artifactKey: Guid(4905d037f05848a4bb637d3c0f533c7e) Importer(815301076,1909f56bfc062723c751e8b465ee728b)
Start importing Assets/Textures/sky.png using Guid(4905d037f05848a4bb637d3c0f533c7e) Importer(815301076,1909f56bfc062723c751e8b465ee728b)  -> (artifact id: 'eb2946e581fc07fa63a47de91725bc50') in 0.074885 seconds 
  Import took 0.080288 seconds .

========================================================================
Received Import Request.
  Time since last request: 256.553442 seconds.
  path: Assets/Materials/Sky.mat
  artifactKey: Guid(5ed2ca7f556b8e945b73b19368d7686d) Importer(815301076,1909f56bfc062723c751e8b465ee728b)
Start importing Assets/Materials/Sky.mat using Guid(5ed2ca7f556b8e945b73b19368d7686d) Importer(815301076,1909f56bfc062723c751e8b465ee728b)  -> (artifact id: 'bcdc4f6ac564e2d740458e84c04cd89e') in 0.062636 seconds 
  Import took 0.068070 seconds .

AssetImportWorkerClient::OnTransportError - code=2 error=End of file
